<?xml version="1.0" encoding="UTF-8"?>
<testng-results ignored="0" total="6" passed="6" failed="0" skipped="0">
  <reporter-output>
  </reporter-output>
  <suite started-at="2023-08-13T03:50:57 BDT" name="Automation_Project" finished-at="2023-08-13T03:55:12 BDT" duration-ms="255191">
    <groups>
    </groups>
    <test started-at="2023-08-13T03:50:57 BDT" name="HomePageTest" finished-at="2023-08-13T03:55:12 BDT" duration-ms="255191">
      <class name="it.com.bd.tests.SignOutPageTest">
        <test-method is-config="true" signature="OpenUrl()[pri:0, instance:it.com.bd.tests.SignOutPageTest@5e2c3d18]" started-at="2023-08-13T03:54:44 BDT" name="OpenUrl" finished-at="2023-08-13T03:54:44 BDT" duration-ms="4" status="PASS">
          <reporter-output>
          </reporter-output>
        </test-method> <!-- OpenUrl -->
        <test-method signature="signOutPageTest()[pri:0, instance:it.com.bd.tests.SignOutPageTest@5e2c3d18]" started-at="2023-08-13T03:54:44 BDT" name="signOutPageTest" finished-at="2023-08-13T03:55:12 BDT" duration-ms="27463" status="PASS">
          <reporter-output>
          </reporter-output>
        </test-method> <!-- signOutPageTest -->
        <test-method is-config="true" signature="afterClass()[pri:0, instance:it.com.bd.tests.SignOutPageTest@5e2c3d18]" started-at="2023-08-13T03:55:12 BDT" name="afterClass" finished-at="2023-08-13T03:55:12 BDT" duration-ms="205" status="PASS">
          <reporter-output>
          </reporter-output>
        </test-method> <!-- afterClass -->
      </class> <!-- it.com.bd.tests.SignOutPageTest -->
      <class name="it.com.bd.tests.CartPageTest">
        <test-method is-config="true" signature="openUrl()[pri:0, instance:it.com.bd.tests.CartPageTest@68c9133c]" started-at="2023-08-13T03:54:13 BDT" name="openUrl" finished-at="2023-08-13T03:54:13 BDT" duration-ms="5" status="PASS">
          <reporter-output>
          </reporter-output>
        </test-method> <!-- openUrl -->
        <test-method signature="cartPageTest()[pri:0, instance:it.com.bd.tests.CartPageTest@68c9133c]" started-at="2023-08-13T03:54:13 BDT" name="cartPageTest" finished-at="2023-08-13T03:54:32 BDT" duration-ms="18909" status="PASS">
          <reporter-output>
          </reporter-output>
        </test-method> <!-- cartPageTest -->
        <test-method is-config="true" signature="afterClass()[pri:0, instance:it.com.bd.tests.CartPageTest@68c9133c]" started-at="2023-08-13T03:54:32 BDT" name="afterClass" finished-at="2023-08-13T03:54:32 BDT" duration-ms="159" status="PASS">
          <reporter-output>
          </reporter-output>
        </test-method> <!-- afterClass -->
      </class> <!-- it.com.bd.tests.CartPageTest -->
      <class name="it.com.bd.tests.CartScrollTest">
        <test-method is-config="true" signature="openUrl()[pri:0, instance:it.com.bd.tests.CartScrollTest@7a35b0f5]" started-at="2023-08-13T03:54:32 BDT" name="openUrl" finished-at="2023-08-13T03:54:32 BDT" duration-ms="5" status="PASS">
          <reporter-output>
          </reporter-output>
        </test-method> <!-- openUrl -->
        <test-method signature="cartScrollTest()[pri:0, instance:it.com.bd.tests.CartScrollTest@7a35b0f5]" started-at="2023-08-13T03:54:32 BDT" name="cartScrollTest" finished-at="2023-08-13T03:54:44 BDT" duration-ms="12383" status="PASS">
          <reporter-output>
          </reporter-output>
        </test-method> <!-- cartScrollTest -->
        <test-method is-config="true" signature="afterClass()[pri:0, instance:it.com.bd.tests.CartScrollTest@7a35b0f5]" started-at="2023-08-13T03:54:44 BDT" name="afterClass" finished-at="2023-08-13T03:54:44 BDT" duration-ms="170" status="PASS">
          <reporter-output>
          </reporter-output>
        </test-method> <!-- afterClass -->
      </class> <!-- it.com.bd.tests.CartScrollTest -->
      <class name="it.com.bd.tests.WriterPageTest">
        <test-method is-config="true" signature="openUrl()[pri:0, instance:it.com.bd.tests.WriterPageTest@8458f04]" started-at="2023-08-13T03:51:53 BDT" name="openUrl" finished-at="2023-08-13T03:51:53 BDT" duration-ms="8" status="PASS">
          <reporter-output>
          </reporter-output>
        </test-method> <!-- openUrl -->
        <test-method signature="writerPageTest()[pri:0, instance:it.com.bd.tests.WriterPageTest@8458f04]" started-at="2023-08-13T03:51:53 BDT" name="writerPageTest" finished-at="2023-08-13T03:53:17 BDT" duration-ms="83685" status="PASS">
          <reporter-output>
          </reporter-output>
        </test-method> <!-- writerPageTest -->
        <test-method is-config="true" signature="afterClass()[pri:0, instance:it.com.bd.tests.WriterPageTest@8458f04]" started-at="2023-08-13T03:53:17 BDT" name="afterClass" finished-at="2023-08-13T03:53:17 BDT" duration-ms="108" status="PASS">
          <reporter-output>
          </reporter-output>
        </test-method> <!-- afterClass -->
      </class> <!-- it.com.bd.tests.WriterPageTest -->
      <class name="it.com.bd.tests.HomePageTest">
        <test-method is-config="true" signature="start()[pri:0, instance:it.com.bd.tests.HomePageTest@3ba987b8]" started-at="2023-08-13T03:50:54 BDT" name="start" finished-at="2023-08-13T03:50:57 BDT" duration-ms="2501" status="PASS">
          <reporter-output>
          </reporter-output>
        </test-method> <!-- start -->
        <test-method is-config="true" signature="openUrl()[pri:0, instance:it.com.bd.tests.HomePageTest@3ba987b8]" started-at="2023-08-13T03:50:57 BDT" name="openUrl" finished-at="2023-08-13T03:51:21 BDT" duration-ms="23516" status="PASS">
          <reporter-output>
          </reporter-output>
        </test-method> <!-- openUrl -->
        <test-method signature="homePageTest()[pri:0, instance:it.com.bd.tests.HomePageTest@3ba987b8]" started-at="2023-08-13T03:51:21 BDT" name="homePageTest" finished-at="2023-08-13T03:51:53 BDT" duration-ms="32186" status="PASS">
          <reporter-output>
          </reporter-output>
        </test-method> <!-- homePageTest -->
        <test-method is-config="true" signature="afterClass()[pri:0, instance:it.com.bd.tests.HomePageTest@3ba987b8]" started-at="2023-08-13T03:51:53 BDT" name="afterClass" finished-at="2023-08-13T03:51:53 BDT" duration-ms="455" status="PASS">
          <reporter-output>
          </reporter-output>
        </test-method> <!-- afterClass -->
        <test-method is-config="true" signature="close()[pri:0, instance:it.com.bd.tests.HomePageTest@3ba987b8]" started-at="2023-08-13T03:55:12 BDT" name="close" finished-at="2023-08-13T03:55:13 BDT" duration-ms="373" status="PASS">
          <reporter-output>
          </reporter-output>
        </test-method> <!-- close -->
      </class> <!-- it.com.bd.tests.HomePageTest -->
      <class name="it.com.bd.tests.BookSelectionPageTest">
        <test-method is-config="true" signature="openUrl()[pri:0, instance:it.com.bd.tests.BookSelectionPageTest@48075da3]" started-at="2023-08-13T03:53:17 BDT" name="openUrl" finished-at="2023-08-13T03:53:17 BDT" duration-ms="9" status="PASS">
          <reporter-output>
          </reporter-output>
        </test-method> <!-- openUrl -->
        <test-method signature="BookSelectionPagePageTest()[pri:0, instance:it.com.bd.tests.BookSelectionPageTest@48075da3]" started-at="2023-08-13T03:53:17 BDT" name="BookSelectionPagePageTest" finished-at="2023-08-13T03:54:13 BDT" duration-ms="55743" status="PASS">
          <reporter-output>
          </reporter-output>
        </test-method> <!-- BookSelectionPagePageTest -->
        <test-method is-config="true" signature="afterClass()[pri:0, instance:it.com.bd.tests.BookSelectionPageTest@48075da3]" started-at="2023-08-13T03:54:13 BDT" name="afterClass" finished-at="2023-08-13T03:54:13 BDT" duration-ms="124" status="PASS">
          <reporter-output>
          </reporter-output>
        </test-method> <!-- afterClass -->
      </class> <!-- it.com.bd.tests.BookSelectionPageTest -->
    </test> <!-- HomePageTest -->
  </suite> <!-- Automation_Project -->
</testng-results>
