<?xml version="1.0" encoding="UTF-8"?>
<!-- Generated by org.testng.reporters.JUnitXMLReporter -->
<testsuite ignored="8" hostname="DESKTOP-PQ3M7G0" failures="0" tests="6" name="HomePageTest" time="255.191" errors="0" timestamp="2023-08-13T03:55:12 BDT">
  <testcase classname="it.com.bd.tests.HomePageTest" name="homePageTest" time="32.186"/>
  <testcase classname="it.com.bd.tests.WriterPageTest" name="writerPageTest" time="83.685"/>
  <testcase classname="it.com.bd.tests.BookSelectionPageTest" name="BookSelectionPagePageTest" time="55.743"/>
  <testcase classname="it.com.bd.tests.CartPageTest" name="cartPageTest" time="18.909"/>
  <testcase classname="it.com.bd.tests.CartScrollTest" name="cartScrollTest" time="12.383"/>
  <testcase classname="it.com.bd.tests.SignOutPageTest" name="signOutPageTest" time="27.463"/>
  <testcase classname="it.com.bd.drivers.BaseDriver" name="@AfterSuite close" time="0.0">
    <ignored/>
  </testcase> <!-- @AfterSuite close -->
  <testcase classname="it.com.bd.drivers.BaseDriver" name="@AfterSuite close" time="0.0">
    <ignored/>
  </testcase> <!-- @AfterSuite close -->
  <testcase classname="it.com.bd.drivers.BaseDriver" name="@AfterSuite close" time="0.0">
    <ignored/>
  </testcase> <!-- @AfterSuite close -->
  <testcase classname="it.com.bd.drivers.BaseDriver" name="@AfterSuite close" time="0.0">
    <ignored/>
  </testcase> <!-- @AfterSuite close -->
  <testcase classname="it.com.bd.drivers.BaseDriver" name="@BeforeSuite start" time="0.0">
    <ignored/>
  </testcase> <!-- @BeforeSuite start -->
  <testcase classname="it.com.bd.drivers.BaseDriver" name="@BeforeSuite start" time="0.0">
    <ignored/>
  </testcase> <!-- @BeforeSuite start -->
  <testcase classname="it.com.bd.drivers.BaseDriver" name="@BeforeSuite start" time="0.0">
    <ignored/>
  </testcase> <!-- @BeforeSuite start -->
  <testcase classname="it.com.bd.drivers.BaseDriver" name="@BeforeSuite start" time="0.0">
    <ignored/>
  </testcase> <!-- @BeforeSuite start -->
</testsuite> <!-- HomePageTest -->
